Part#TYPE System.IO.FileInfo
"PSPath","PSParentPath","PSChildName","PSDrive","PSProvider","PSIsContainer","Mode","VersionInfo","BaseName","Target","LinkType","Name","Length","DirectoryName","Directory","IsReadOnly","Exists","FullName","Extension","CreationTime","CreationTimeUtc","LastAccessTime","LastAccessTimeUtc","LastWriteTime","LastWriteTimeUtc","Attributes"
"Microsoft.PowerShell.Core\FileSystem::C:\Users\champuser\CSI230\week8\file.ps1","Microsoft.PowerShell.Core\FileSystem::C:\Users\champuser\CSI230\week8","file.ps1","C","Microsoft.PowerShell.Core\FileSystem","False","-a----","File:             C:\Users\champuser\CSI230\week8\file.ps1
InternalName:     
OriginalFilename: 
FileVersion:      
FileDescription:  
Product:          
ProductVersion:   
Debug:            False
Patched:          False
PreRelease:       False
PrivateBuild:     False
SpecialBuild:     False
Language:         
","file","System.Collections.Generic.List`1[System.String]",,"file.ps1","38","C:\Users\champuser\CSI230\week8","C:\Users\champuser\CSI230\week8","False","True","C:\Users\champuser\CSI230\week8\file.ps1",".ps1","10/18/2023 12:49:18 PM","10/18/2023 4:49:18 PM","10/18/2023 12:54:45 PM","10/18/2023 4:54:45 PM","10/18/2023 12:54:45 PM","10/18/2023 4:54:45 PM","Archive"
"Microsoft.PowerShell.Core\FileSystem::C:\Users\champuser\CSI230\week8\logs.ps1","Microsoft.PowerShell.Core\FileSystem::C:\Users\champuser\CSI230\week8","logs.ps1","C","Microsoft.PowerShell.Core\FileSystem","False","-a----","File:             C:\Users\champuser\CSI230\week8\logs.ps1
InternalName:     
OriginalFilename: 
FileVersion:      
FileDescription:  
Product:          
ProductVersion:   
Debug:            False
Patched:          False
PreRelease:       False
PrivateBuild:     False
SpecialBuild:     False
Language:         
","logs","System.Collections.Generic.List`1[System.String]",,"logs.ps1","215","C:\Users\champuser\CSI230\week8","C:\Users\champuser\CSI230\week8","False","True","C:\Users\champuser\CSI230\week8\logs.ps1",".ps1","10/18/2023 1:00:47 PM","10/18/2023 5:00:47 PM","10/18/2023 1:18:29 PM","10/18/2023 5:18:29 PM","10/18/2023 1:18:29 PM","10/18/2023 5:18:29 PM","Archive"
